<?xml version="1.0" encoding="UTF-8"?>
<testng-results skipped="0" failed="0" ignored="0" total="0" passed="0">
  <reporter-output>
  </reporter-output>
  <suite name="selenium.pom.AppTest" duration-ms="5" started-at="2017-09-30T19:27:12Z" finished-at="2017-09-30T19:27:12Z">
    <groups>
    </groups>
    <test name="Command line test" duration-ms="5" started-at="2017-09-30T19:27:12Z" finished-at="2017-09-30T19:27:12Z">
    </test> <!-- Command line test -->
  </suite> <!-- selenium.pom.AppTest -->
</testng-results>
