<?xml version="1.0" encoding="UTF-8"?>
<!-- Generated by org.testng.reporters.JUnitXMLReporter -->
<testsuite hostname="LAPTOP-839F16UB" ignored="0" name="App Test" tests="1" failures="0" timestamp="28 oct 2017 18:56:13 GMT" time="9.048" errors="0">
  <testcase name="@BeforeClass setUp" time="8.985" classname="suite.Regression">
    <failure type="java.lang.NullPointerException">
      <![CDATA[java.lang.NullPointerException
	at com.google.common.base.Preconditions.checkNotNull(Preconditions.java:787)
	at org.openqa.selenium.support.ui.FluentWait.<init>(FluentWait.java:96)
	at org.openqa.selenium.support.ui.WebDriverWait.<init>(WebDriverWait.java:72)
	at org.openqa.selenium.support.ui.WebDriverWait.<init>(WebDriverWait.java:46)
	at framework.engine.ExplicitWaits.<init>(ExplicitWaits.java:20)
	at page.gaccess.GmailPage.<init>(GmailPage.java:17)
	at suite.Regression.setUp(Regression.java:32)
... Removed 25 stack frames]]>
    </failure>
  </testcase> <!-- @BeforeClass setUp -->
  <testcase name="@AfterClass cleanUp" time="0.0" classname="suite.Regression">
    <skipped/>
  </testcase> <!-- @AfterClass cleanUp -->
  <testcase name="LoginTest" time="0.0" classname="suite.Regression">
    <skipped/>
  </testcase> <!-- LoginTest -->
</testsuite> <!-- App Test -->
