<?xml version="1.0" encoding="UTF-8"?>
<!-- Generated by org.testng.reporters.JUnitXMLReporter -->
<testsuite hostname="LAPTOP-839F16UB" ignored="0" name="App Test" tests="1" failures="1" timestamp="30 nov 2017 18:49:12 GMT" time="18.417" errors="0">
  <testcase name="YoutubeAccessTest" time="11.307" classname="suite.Regression">
    <failure type="java.lang.AssertionError" message="expected [true] but found [false]">
      <![CDATA[java.lang.AssertionError: expected [true] but found [false]
	at page.gaccess.YoutubePage.clickYoutubeSignIn(YoutubePage.java:68)
	at suite.Regression.YoutubeAccessTest(Regression.java:79)
... Removed 29 stack frames]]>
    </failure>
  </testcase> <!-- YoutubeAccessTest -->
</testsuite> <!-- App Test -->
