<?xml version="1.0" encoding="UTF-8"?>
<testng-results skipped="0" failed="0" ignored="0" total="1" passed="1">
  <reporter-output>
  </reporter-output>
  <suite name="Default suite" duration-ms="12995" started-at="2017-10-05T04:32:55Z" finished-at="2017-10-05T04:33:08Z">
    <groups>
    </groups>
    <test name="Default test" duration-ms="12995" started-at="2017-10-05T04:32:55Z" finished-at="2017-10-05T04:33:08Z">
      <class name="suite.Regression">
        <test-method status="PASS" signature="setUp(java.lang.String)[pri:0, instance:suite.Regression@224edc67]" name="setUp" is-config="true" duration-ms="10164" started-at="2017-10-04T23:32:55Z" finished-at="2017-10-04T23:33:05Z">
          <params>
            <param index="0">
              <value>
                <![CDATA[http://www.google.com]]>
              </value>
            </param>
          </params>
          <reporter-output>
          </reporter-output>
        </test-method> <!-- setUp -->
        <test-method status="PASS" signature="Test()[pri:0, instance:suite.Regression@224edc67]" name="Test" duration-ms="1976" started-at="2017-10-04T23:33:05Z" finished-at="2017-10-04T23:33:07Z">
          <reporter-output>
          </reporter-output>
        </test-method> <!-- Test -->
        <test-method status="PASS" signature="cleanUp()[pri:0, instance:suite.Regression@224edc67]" name="cleanUp" is-config="true" duration-ms="823" started-at="2017-10-04T23:33:07Z" finished-at="2017-10-04T23:33:08Z">
          <reporter-output>
          </reporter-output>
        </test-method> <!-- cleanUp -->
      </class> <!-- suite.Regression -->
    </test> <!-- Default test -->
  </suite> <!-- Default suite -->
</testng-results>
